                                      1 ;--------------------------------------------------------
                                      2 ; File Created by SDCC : free open source ANSI-C Compiler
                                      3 ; Version 3.3.2 #8938 (Jan 23 2014) (Linux)
                                      4 ; This file was generated Sun Jan 26 19:56:14 2014
                                      5 ;--------------------------------------------------------
                                      6 	.module leds
                                      7 	.optsdcc -mstm8
                                      8 	
                                      9 ;--------------------------------------------------------
                                     10 ; Public variables in this module
                                     11 ;--------------------------------------------------------
                                     12 	.globl _main
                                     13 ;--------------------------------------------------------
                                     14 ; ram data
                                     15 ;--------------------------------------------------------
                                     16 	.area DATA
                                     17 ;--------------------------------------------------------
                                     18 ; ram data
                                     19 ;--------------------------------------------------------
                                     20 	.area INITIALIZED
                                     21 ;--------------------------------------------------------
                                     22 ; Stack segment in internal ram 
                                     23 ;--------------------------------------------------------
                                     24 	.area	SSEG
      000000                         25 __start__stack:
      000000                         26 	.ds	1
                                     27 
                                     28 ;--------------------------------------------------------
                                     29 ; absolute external ram data
                                     30 ;--------------------------------------------------------
                                     31 	.area DABS (ABS)
                                     32 ;--------------------------------------------------------
                                     33 ; interrupt vector 
                                     34 ;--------------------------------------------------------
                                     35 	.area HOME
      000000                         36 __interrupt_vect:
      000000 82v00u00u00             37 	int s_GSINIT ;reset
      000004 82 00 00 00             38 	int 0x0000 ;trap
      000008 82 00 00 00             39 	int 0x0000 ;int0
      00000C 82 00 00 00             40 	int 0x0000 ;int1
      000010 82 00 00 00             41 	int 0x0000 ;int2
      000014 82 00 00 00             42 	int 0x0000 ;int3
      000018 82 00 00 00             43 	int 0x0000 ;int4
      00001C 82 00 00 00             44 	int 0x0000 ;int5
      000020 82 00 00 00             45 	int 0x0000 ;int6
      000024 82 00 00 00             46 	int 0x0000 ;int7
      000028 82 00 00 00             47 	int 0x0000 ;int8
      00002C 82 00 00 00             48 	int 0x0000 ;int9
      000030 82 00 00 00             49 	int 0x0000 ;int10
      000034 82 00 00 00             50 	int 0x0000 ;int11
      000038 82 00 00 00             51 	int 0x0000 ;int12
      00003C 82 00 00 00             52 	int 0x0000 ;int13
      000040 82 00 00 00             53 	int 0x0000 ;int14
      000044 82 00 00 00             54 	int 0x0000 ;int15
      000048 82 00 00 00             55 	int 0x0000 ;int16
      00004C 82 00 00 00             56 	int 0x0000 ;int17
      000050 82 00 00 00             57 	int 0x0000 ;int18
      000054 82 00 00 00             58 	int 0x0000 ;int19
      000058 82 00 00 00             59 	int 0x0000 ;int20
      00005C 82 00 00 00             60 	int 0x0000 ;int21
      000060 82 00 00 00             61 	int 0x0000 ;int22
      000064 82 00 00 00             62 	int 0x0000 ;int23
      000068 82 00 00 00             63 	int 0x0000 ;int24
      00006C 82 00 00 00             64 	int 0x0000 ;int25
      000070 82 00 00 00             65 	int 0x0000 ;int26
      000074 82 00 00 00             66 	int 0x0000 ;int27
      000078 82 00 00 00             67 	int 0x0000 ;int28
      00007C 82 00 00 00             68 	int 0x0000 ;int29
                                     69 ;--------------------------------------------------------
                                     70 ; global & static initialisations
                                     71 ;--------------------------------------------------------
                                     72 	.area HOME
                                     73 	.area GSINIT
                                     74 	.area GSFINAL
                                     75 	.area GSINIT
      000000                         76 __sdcc_gs_init_startup:
      000000                         77 __sdcc_init_data:
                                     78 ; stm8_genXINIT() start
      000000 AEr00r00         [ 2]   79 	ldw x, #l_DATA
      000003 27 07            [ 1]   80 	jreq	00002$
      000005                         81 00001$:
      000005 72 4FuFFuFF      [ 1]   82 	clr (s_DATA - 1, x)
      000009 5A               [ 2]   83 	decw x
      00000A 26 F9            [ 1]   84 	jrne	00001$
      00000C                         85 00002$:
      00000C AEr00r00         [ 2]   86 	ldw	x, #l_INITIALIZER
      00000F 27 09            [ 1]   87 	jreq	00004$
      000011                         88 00003$:
      000011 D6uFFuFF         [ 1]   89 	ld	a, (s_INITIALIZER - 1, x)
      000014 D7uFFuFF         [ 1]   90 	ld	(s_INITIALIZED - 1, x), a
      000017 5A               [ 2]   91 	decw	x
      000018 26 F7            [ 1]   92 	jrne	00003$
      00001A                         93 00004$:
                                     94 ; stm8_genXINIT() end
                                     95 	.area GSFINAL
      000000 CCr00r80         [ 2]   96 	jp	__sdcc_program_startup
                                     97 ;--------------------------------------------------------
                                     98 ; Home
                                     99 ;--------------------------------------------------------
                                    100 	.area HOME
                                    101 	.area HOME
      000080                        102 __sdcc_program_startup:
      000080 CCr00r2B         [ 2]  103 	jp	_main
                                    104 ;	return from main will return to caller
                                    105 ;--------------------------------------------------------
                                    106 ; code
                                    107 ;--------------------------------------------------------
                                    108 	.area CODE
                                    109 ;	leds.c: 4: static void delay(uint32_t t)
                                    110 ;	-----------------------------------------
                                    111 ;	 function delay
                                    112 ;	-----------------------------------------
      000000                        113 _delay:
      000000 52 08            [ 2]  114 	sub	sp, #8
                                    115 ;	leds.c: 6: while(t--);
      000002 7B 0B            [ 1]  116 	ld	a, (0x0b, sp)
      000004 6B 05            [ 1]  117 	ld	(0x05, sp), a
      000006 16 0D            [ 2]  118 	ldw	y, (0x0d, sp)
      000008 7B 0C            [ 1]  119 	ld	a, (0x0c, sp)
      00000A                        120 00101$:
      00000A 6B 02            [ 1]  121 	ld	(0x02, sp), a
      00000C 93               [ 1]  122 	ldw	x, y
      00000D 88               [ 1]  123 	push	a
      00000E 7B 06            [ 1]  124 	ld	a, (0x06, sp)
      000010 6B 02            [ 1]  125 	ld	(0x02, sp), a
      000012 84               [ 1]  126 	pop	a
      000013 72 A2 00 01      [ 2]  127 	subw	y, #0x0001
      000017 A2 00            [ 1]  128 	sbc	a, #0x00
      000019 88               [ 1]  129 	push	a
      00001A 7B 06            [ 1]  130 	ld	a, (0x06, sp)
      00001C A2 00            [ 1]  131 	sbc	a, #0x00
      00001E 6B 06            [ 1]  132 	ld	(0x06, sp), a
      000020 84               [ 1]  133 	pop	a
      000021 5D               [ 2]  134 	tnzw	x
      000022 26 E6            [ 1]  135 	jrne	00101$
      000024 1E 01            [ 2]  136 	ldw	x, (0x01, sp)
      000026 26 E2            [ 1]  137 	jrne	00101$
      000028 5B 08            [ 2]  138 	addw	sp, #8
      00002A 81               [ 4]  139 	ret
                                    140 ;	leds.c: 9: int main( void )
                                    141 ;	-----------------------------------------
                                    142 ;	 function main
                                    143 ;	-----------------------------------------
      00002B                        144 _main:
                                    145 ;	leds.c: 11: GPIOC->DDR |= GPIO_PIN_3 | GPIO_PIN_4;
      00002B AE 50 0C         [ 2]  146 	ldw	x, #0x500c
      00002E F6               [ 1]  147 	ld	a, (x)
      00002F AA 18            [ 1]  148 	or	a, #0x18
      000031 AE 50 0C         [ 2]  149 	ldw	x, #0x500c
      000034 F7               [ 1]  150 	ld	(x), a
                                    151 ;	leds.c: 12: GPIOC->CR1 |= GPIO_PIN_3 | GPIO_PIN_4;
      000035 AE 50 0D         [ 2]  152 	ldw	x, #0x500d
      000038 F6               [ 1]  153 	ld	a, (x)
      000039 AA 18            [ 1]  154 	or	a, #0x18
      00003B AE 50 0D         [ 2]  155 	ldw	x, #0x500d
      00003E F7               [ 1]  156 	ld	(x), a
                                    157 ;	leds.c: 13: GPIOC->ODR |= GPIO_PIN_3;
      00003F AE 50 0A         [ 2]  158 	ldw	x, #0x500a
      000042 F6               [ 1]  159 	ld	a, (x)
      000043 AA 08            [ 1]  160 	or	a, #0x08
      000045 AE 50 0A         [ 2]  161 	ldw	x, #0x500a
      000048 F7               [ 1]  162 	ld	(x), a
                                    163 ;	leds.c: 15: while(1)            
      000049                        164 00102$:
                                    165 ;	leds.c: 17: delay(20000);
      000049 4B 20            [ 1]  166 	push	#0x20
      00004B 4B 4E            [ 1]  167 	push	#0x4e
      00004D 5F               [ 1]  168 	clrw	x
      00004E 89               [ 2]  169 	pushw	x
      00004F CDr00r00         [ 4]  170 	call	_delay
      000052 5B 04            [ 2]  171 	addw	sp, #4
                                    172 ;	leds.c: 18: GPIOC->ODR ^= GPIO_PIN_3 | GPIO_PIN_4;
      000054 AE 50 0A         [ 2]  173 	ldw	x, #0x500a
      000057 F6               [ 1]  174 	ld	a, (x)
      000058 A8 18            [ 1]  175 	xor	a, #0x18
      00005A AE 50 0A         [ 2]  176 	ldw	x, #0x500a
      00005D F7               [ 1]  177 	ld	(x), a
      00005E 20 E9            [ 2]  178 	jra	00102$
      000060 81               [ 4]  179 	ret
                                    180 	.area CODE
                                    181 	.area INITIALIZER
                                    182 	.area CABS (ABS)
